<?xml version="1.0" encoding="UTF-8"?>
<!-- Generated by org.testng.reporters.JUnitReportReporter -->
<testsuite hostname="Shree" failures="0" tests="2" name="Test_NG.NewTest1" time="0.038" errors="0" timestamp="2022-05-04T21:55:21 IST" skipped="0">
  <testcase classname="Test_NG.NewTest1" name="test" time="0.028"/>
  <system-out/>
  <testcase classname="Test_NG.NewTest1" name="test1" time="0.010"/>
  <system-out/>
</testsuite> <!-- Test_NG.NewTest1 -->
